geckodriver: error: Found argument '--websocket-port' which wasn't expected, or isn't valid in this context

USAGE:
    geckodriver [FLAGS] [OPTIONS]

For more information try --help

1661255228701	geckodriver	INFO	Listening on 127.0.0.1:35495
1661255228707	mozrunner::runner	INFO	Running command: "/usr/bin/firefox" "--marionette" "--remote-debugging-port" "43161" "--remote-allow-hosts" "localhost" "-no-remote" "-profile" "/tmp/rust_mozprofileFCXphK"
ATTENTION: default value of option mesa_glthread overridden by environment.
ATTENTION: default value of option mesa_glthread overridden by environment.
ATTENTION: default value of option mesa_glthread overridden by environment.
ATTENTION: default value of option mesa_glthread overridden by environment.
1661255229719	Marionette	INFO	Marionette enabled
console.warn: SearchSettings: "get: No settings file exists, new profile?" (new NotFoundError("Could not open the file at /tmp/rust_mozprofileFCXphK/search.json.mozlz4", (void 0)))
DevTools listening on ws://localhost:43161/devtools/browser/bd065d35-1e1a-445e-b9cb-60234de1bdf5
1661255231088	Marionette	INFO	Listening on port 40365
Read port: 40365
1661255231139	RemoteAgent	WARN	TLS certificate errors will be ignored for this session
JavaScript error: https://media.ethicalads.io/media/client/v1.4.0/ethicalads.min.js, line 1: Error: No ad placements found.
JavaScript error: resource:///actors/FormValidationChild.jsm, line 177: TypeError: this._element is null
1661255232730	Marionette	INFO	Stopped listening on port 40365

###!!! [Parent][RunMessage] Error: Channel closing: too late to send/recv, messages will be lost

1661255240572	geckodriver	INFO	Listening on 127.0.0.1:35969
1661255240579	mozrunner::runner	INFO	Running command: "/usr/bin/firefox" "--marionette" "--remote-debugging-port" "58759" "--remote-allow-hosts" "localhost" "-no-remote" "-profile" "/tmp/rust_mozprofileVsKL1a"
ATTENTION: default value of option mesa_glthread overridden by environment.
ATTENTION: default value of option mesa_glthread overridden by environment.
ATTENTION: default value of option mesa_glthread overridden by environment.
ATTENTION: default value of option mesa_glthread overridden by environment.
1661255241553	Marionette	INFO	Marionette enabled
console.warn: SearchSettings: "get: No settings file exists, new profile?" (new NotFoundError("Could not open the file at /tmp/rust_mozprofileVsKL1a/search.json.mozlz4", (void 0)))
DevTools listening on ws://localhost:58759/devtools/browser/a9f6087e-e175-4ea8-bd26-07e9132bd131
1661255242876	Marionette	INFO	Listening on port 37993
Read port: 37993
1661255242904	RemoteAgent	WARN	TLS certificate errors will be ignored for this session
JavaScript error: https://media.ethicalads.io/media/client/v1.4.0/ethicalads.min.js, line 1: Error: No ad placements found.
JavaScript error: resource:///actors/FormValidationChild.jsm, line 177: TypeError: this._element is null
1661255244401	Marionette	INFO	Stopped listening on port 37993
